{
"contracts/Migrations.sol":{"l":{"9":1,"13":1,"17":1},"path":"/home/saqib/Saqib/Solidity/First Project/new/SOT/contracts/Migrations.sol","s":{"1":1,"2":1},"b":{"1":[1,0]},"f":{"1":1,"2":1},"fnMap":{"1":{"name":"restricted","line":8,"loc":{"start":{"line":8,"column":2},"end":{"line":14,"column":2}}},"2":{"name":"setCompleted","line":16,"loc":{"start":{"line":16,"column":2},"end":{"line":18,"column":2}}}},"statementMap":{"1":{"start":{"line":9,"column":4},"end":{"line":9,"column":192}},"2":{"start":{"line":17,"column":4},"end":{"line":17,"column":39}}},"branchMap":{"1":{"line":9,"type":"if","locations":[{"start":{"line":9,"column":4},"end":{"line":9,"column":4}},{"start":{"line":9,"column":4},"end":{"line":9,"column":4}}]}}},
"contracts/Profit_Distributor.sol":{"l":{"16":2,"17":2,"19":2,"20":2,"21":2,"28":2,"34":2,"40":2},"path":"/home/saqib/Saqib/Solidity/First Project/new/SOT/contracts/Profit_Distributor.sol","s":{"1":2,"2":2,"3":2,"4":2,"5":2,"6":2,"7":2,"8":2},"b":{},"f":{"1":2,"2":2,"3":2,"4":2},"fnMap":{"1":{"name":"_distributeTxFee","line":14,"loc":{"start":{"line":14,"column":4},"end":{"line":23,"column":4}}},"2":{"name":"_payFees","line":25,"loc":{"start":{"line":25,"column":4},"end":{"line":29,"column":4}}},"3":{"name":"_payRoyaltyToPlatform","line":31,"loc":{"start":{"line":31,"column":4},"end":{"line":35,"column":4}}},"4":{"name":"_payRoyaltyToOriginalOwner","line":37,"loc":{"start":{"line":37,"column":4},"end":{"line":42,"column":4}}}},"statementMap":{"1":{"start":{"line":16,"column":9},"end":{"line":16,"column":46}},"2":{"start":{"line":17,"column":9},"end":{"line":17,"column":45}},"3":{"start":{"line":19,"column":8},"end":{"line":19,"column":37}},"4":{"start":{"line":20,"column":8},"end":{"line":20,"column":45}},"5":{"start":{"line":21,"column":8},"end":{"line":21,"column":65}},"6":{"start":{"line":28,"column":8},"end":{"line":28,"column":49}},"7":{"start":{"line":34,"column":8},"end":{"line":34,"column":52}},"8":{"start":{"line":40,"column":8},"end":{"line":40,"column":57}}},"branchMap":{}},
"contracts/Rentor.sol":{"l":{"11":3},"path":"/home/saqib/Saqib/Solidity/First Project/new/SOT/contracts/Rentor.sol","s":{"1":3},"b":{},"f":{"1":3,"2":2},"fnMap":{"1":{"name":"initialize","line":10,"loc":{"start":{"line":10,"column":4},"end":{"line":12,"column":4}}},"2":{"name":"_authorizeUpgrade","line":14,"loc":{"start":{"line":14,"column":4},"end":{"line":14,"column":86}}}},"statementMap":{"1":{"start":{"line":11,"column":8},"end":{"line":11,"column":23}}},"branchMap":{}},
"contracts/SOT.sol":{"l":{"21":3,"22":3,"25":3,"28":3,"29":3,"30":3,"36":3,"37":2,"39":1,"40":1,"41":1,"42":6,"43":6,"45":1,"46":1,"47":1,"48":6,"49":6,"50":6,"51":6,"52":6,"54":1,"59":2,"60":1,"69":1,"71":1,"77":1,"82":10,"84":10,"86":10,"87":10,"92":1,"93":1,"107":1,"108":1,"109":1,"110":1,"112":1,"120":2,"126":2,"127":2,"129":2,"133":4,"137":5},"path":"/home/saqib/Saqib/Solidity/First Project/new/SOT/contracts/SOT.sol","s":{"1":3,"2":3,"3":3,"4":3,"5":3,"6":3,"7":3,"8":2,"9":1,"10":1,"11":1,"12":6,"13":1,"14":1,"15":1,"16":6,"17":6,"18":6,"19":6,"20":6,"21":1,"22":2,"23":1,"24":1,"25":1,"26":10,"27":10,"28":10,"29":10,"30":1,"31":1,"32":1,"33":1,"34":1,"35":1,"36":1,"37":2,"38":2,"39":2,"40":2,"41":4,"42":5},"b":{"1":[2,1],"2":[1,1],"3":[10,0],"4":[2,0],"5":[2,0]},"f":{"1":3,"2":3,"3":2,"4":2,"5":1,"6":1,"7":10,"8":1,"9":1,"10":2,"11":4,"12":5},"fnMap":{"1":{"name":"initialize","line":19,"loc":{"start":{"line":19,"column":4},"end":{"line":32,"column":4}}},"2":{"name":"uint2str","line":35,"loc":{"start":{"line":35,"column":4},"end":{"line":55,"column":4}}},"3":{"name":"tokenExists","line":58,"loc":{"start":{"line":58,"column":4},"end":{"line":61,"column":4}}},"4":{"name":"_authorizeUpgrade","line":63,"loc":{"start":{"line":63,"column":4},"end":{"line":63,"column":86}}},"5":{"name":"tokenURI","line":67,"loc":{"start":{"line":67,"column":4},"end":{"line":73,"column":4}}},"6":{"name":"_baseURI","line":76,"loc":{"start":{"line":76,"column":4},"end":{"line":78,"column":4}}},"7":{"name":"mint","line":80,"loc":{"start":{"line":80,"column":4},"end":{"line":88,"column":4}}},"8":{"name":"burn","line":90,"loc":{"start":{"line":90,"column":4},"end":{"line":95,"column":4}}},"9":{"name":"sellNFT","line":98,"loc":{"start":{"line":98,"column":4},"end":{"line":113,"column":4}}},"10":{"name":"transferFrom","line":115,"loc":{"start":{"line":115,"column":4},"end":{"line":130,"column":4}}},"11":{"name":"getCurrentTokenId","line":132,"loc":{"start":{"line":132,"column":4},"end":{"line":134,"column":4}}},"12":{"name":"getTotalSupply","line":136,"loc":{"start":{"line":136,"column":4},"end":{"line":138,"column":4}}}},"statementMap":{"1":{"start":{"line":21,"column":8},"end":{"line":21,"column":34}},"2":{"start":{"line":22,"column":8},"end":{"line":22,"column":23}},"3":{"start":{"line":25,"column":8},"end":{"line":25,"column":35}},"4":{"start":{"line":28,"column":8},"end":{"line":28,"column":26}},"5":{"start":{"line":29,"column":8},"end":{"line":29,"column":26}},"6":{"start":{"line":30,"column":8},"end":{"line":30,"column":26}},"7":{"start":{"line":36,"column":8},"end":{"line":36,"column":1199}},"8":{"start":{"line":37,"column":12},"end":{"line":37,"column":22}},"9":{"start":{"line":39,"column":8},"end":{"line":39,"column":19}},"10":{"start":{"line":40,"column":8},"end":{"line":40,"column":16}},"11":{"start":{"line":41,"column":8},"end":{"line":41,"column":1295}},"12":{"start":{"line":43,"column":12},"end":{"line":43,"column":18}},"13":{"start":{"line":45,"column":8},"end":{"line":45,"column":42}},"14":{"start":{"line":46,"column":8},"end":{"line":46,"column":20}},"15":{"start":{"line":47,"column":8},"end":{"line":47,"column":1436}},"16":{"start":{"line":48,"column":12},"end":{"line":48,"column":18}},"17":{"start":{"line":49,"column":12},"end":{"line":49,"column":56}},"18":{"start":{"line":50,"column":12},"end":{"line":50,"column":36}},"19":{"start":{"line":51,"column":12},"end":{"line":51,"column":23}},"20":{"start":{"line":52,"column":12},"end":{"line":52,"column":19}},"21":{"start":{"line":54,"column":8},"end":{"line":54,"column":27}},"22":{"start":{"line":59,"column":8},"end":{"line":59,"column":83}},"23":{"start":{"line":69,"column":8},"end":{"line":69,"column":42}},"24":{"start":{"line":71,"column":8},"end":{"line":71,"column":109}},"25":{"start":{"line":77,"column":8},"end":{"line":77,"column":117}},"26":{"start":{"line":82,"column":8},"end":{"line":82,"column":66}},"27":{"start":{"line":84,"column":8},"end":{"line":84,"column":33}},"28":{"start":{"line":86,"column":8},"end":{"line":86,"column":27}},"29":{"start":{"line":87,"column":8},"end":{"line":87,"column":26}},"30":{"start":{"line":92,"column":8},"end":{"line":92,"column":21}},"31":{"start":{"line":93,"column":8},"end":{"line":93,"column":26}},"32":{"start":{"line":107,"column":8},"end":{"line":107,"column":30}},"33":{"start":{"line":108,"column":8},"end":{"line":108,"column":31}},"34":{"start":{"line":109,"column":8},"end":{"line":109,"column":44}},"35":{"start":{"line":110,"column":8},"end":{"line":110,"column":26}},"36":{"start":{"line":112,"column":8},"end":{"line":112,"column":43}},"37":{"start":{"line":120,"column":8},"end":{"line":120,"column":3884}},"38":{"start":{"line":126,"column":8},"end":{"line":126,"column":4190}},"39":{"start":{"line":127,"column":12},"end":{"line":127,"column":70}},"40":{"start":{"line":129,"column":8},"end":{"line":129,"column":40}},"41":{"start":{"line":133,"column":8},"end":{"line":133,"column":30}},"42":{"start":{"line":137,"column":8},"end":{"line":137,"column":29}}},"branchMap":{"1":{"line":36,"type":"if","locations":[{"start":{"line":36,"column":8},"end":{"line":36,"column":8}},{"start":{"line":36,"column":8},"end":{"line":36,"column":8}}]},"2":{"line":59,"type":"if","locations":[{"start":{"line":59,"column":8},"end":{"line":59,"column":8}},{"start":{"line":59,"column":8},"end":{"line":59,"column":8}}]},"3":{"line":82,"type":"if","locations":[{"start":{"line":82,"column":8},"end":{"line":82,"column":8}},{"start":{"line":82,"column":8},"end":{"line":82,"column":8}}]},"4":{"line":120,"type":"if","locations":[{"start":{"line":120,"column":8},"end":{"line":120,"column":8}},{"start":{"line":120,"column":8},"end":{"line":120,"column":8}}]},"5":{"line":126,"type":"if","locations":[{"start":{"line":126,"column":8},"end":{"line":126,"column":8}},{"start":{"line":126,"column":8},"end":{"line":126,"column":8}}]}}},
"contracts/tests/mockMSOT.sol":{"l":{"13":6,"14":6,"15":6,"24":1},"path":"/home/saqib/Saqib/Solidity/First Project/new/SOT/contracts/tests/mockMSOT.sol","s":{"1":6,"2":6,"3":6,"4":1},"b":{},"f":{"1":6,"2":2,"3":1},"fnMap":{"1":{"name":"initialize","line":12,"loc":{"start":{"line":12,"column":4},"end":{"line":16,"column":4}}},"2":{"name":"_authorizeUpgrade","line":18,"loc":{"start":{"line":18,"column":4},"end":{"line":18,"column":86}}},"3":{"name":"version","line":23,"loc":{"start":{"line":23,"column":4},"end":{"line":25,"column":4}}}},"statementMap":{"1":{"start":{"line":13,"column":8},"end":{"line":13,"column":35}},"2":{"start":{"line":14,"column":8},"end":{"line":14,"column":23}},"3":{"start":{"line":15,"column":8},"end":{"line":15,"column":40}},"4":{"start":{"line":24,"column":8},"end":{"line":24,"column":19}}},"branchMap":{}},
"contracts/tests/mockRentor.sol":{"l":{"8":1},"path":"/home/saqib/Saqib/Solidity/First Project/new/SOT/contracts/tests/mockRentor.sol","s":{"1":1},"b":{},"f":{"1":1},"fnMap":{"1":{"name":"version","line":7,"loc":{"start":{"line":7,"column":4},"end":{"line":9,"column":4}}}},"statementMap":{"1":{"start":{"line":8,"column":8},"end":{"line":8,"column":19}}},"branchMap":{}},
"contracts/tests/mockSOT.sol":{"l":{"8":1},"path":"/home/saqib/Saqib/Solidity/First Project/new/SOT/contracts/tests/mockSOT.sol","s":{"1":1},"b":{},"f":{"1":1},"fnMap":{"1":{"name":"version","line":7,"loc":{"start":{"line":7,"column":4},"end":{"line":9,"column":4}}}},"statementMap":{"1":{"start":{"line":8,"column":8},"end":{"line":8,"column":19}}},"branchMap":{}}}
