{
"contracts/Migrations.sol":{"l":{"9":1,"13":1,"17":1},"path":"/home/saqib/Saqib/Solidity/First Project/SOT (copy2)/solidity-boilerplate-proxy-pattren/contracts/Migrations.sol","s":{"1":1,"2":1},"b":{"1":[1,0]},"f":{"1":1,"2":1},"fnMap":{"1":{"name":"restricted","line":8,"loc":{"start":{"line":8,"column":2},"end":{"line":14,"column":2}}},"2":{"name":"setCompleted","line":16,"loc":{"start":{"line":16,"column":2},"end":{"line":18,"column":2}}}},"statementMap":{"1":{"start":{"line":9,"column":4},"end":{"line":9,"column":192}},"2":{"start":{"line":17,"column":4},"end":{"line":17,"column":39}}},"branchMap":{"1":{"line":9,"type":"if","locations":[{"start":{"line":9,"column":4},"end":{"line":9,"column":4}},{"start":{"line":9,"column":4},"end":{"line":9,"column":4}}]}}},
"contracts/MSOT.sol":{"l":{"13":6,"14":6,"15":6},"path":"/home/saqib/Saqib/Solidity/First Project/SOT (copy2)/solidity-boilerplate-proxy-pattren/contracts/MSOT.sol","s":{"1":6,"2":6,"3":6},"b":{},"f":{"1":6,"2":2},"fnMap":{"1":{"name":"initialize","line":12,"loc":{"start":{"line":12,"column":4},"end":{"line":16,"column":4}}},"2":{"name":"_authorizeUpgrade","line":18,"loc":{"start":{"line":18,"column":4},"end":{"line":18,"column":86}}}},"statementMap":{"1":{"start":{"line":13,"column":8},"end":{"line":13,"column":35}},"2":{"start":{"line":14,"column":8},"end":{"line":14,"column":23}},"3":{"start":{"line":15,"column":8},"end":{"line":15,"column":52}}},"branchMap":{}},
"contracts/Profit_Distributor.sol":{"l":{"16":2,"17":2,"19":2,"20":2,"21":2,"28":2,"34":2,"40":2},"path":"/home/saqib/Saqib/Solidity/First Project/SOT (copy2)/solidity-boilerplate-proxy-pattren/contracts/Profit_Distributor.sol","s":{"1":2,"2":2,"3":2,"4":2,"5":2,"6":2,"7":2,"8":2},"b":{},"f":{"1":2,"2":2,"3":2,"4":2},"fnMap":{"1":{"name":"_distributeTxFee","line":14,"loc":{"start":{"line":14,"column":4},"end":{"line":23,"column":4}}},"2":{"name":"_payFees","line":25,"loc":{"start":{"line":25,"column":4},"end":{"line":29,"column":4}}},"3":{"name":"_payRoyaltyToPlatform","line":31,"loc":{"start":{"line":31,"column":4},"end":{"line":35,"column":4}}},"4":{"name":"_payRoyaltyToOriginalOwner","line":37,"loc":{"start":{"line":37,"column":4},"end":{"line":42,"column":4}}}},"statementMap":{"1":{"start":{"line":16,"column":9},"end":{"line":16,"column":46}},"2":{"start":{"line":17,"column":9},"end":{"line":17,"column":45}},"3":{"start":{"line":19,"column":8},"end":{"line":19,"column":37}},"4":{"start":{"line":20,"column":8},"end":{"line":20,"column":45}},"5":{"start":{"line":21,"column":8},"end":{"line":21,"column":65}},"6":{"start":{"line":28,"column":8},"end":{"line":28,"column":49}},"7":{"start":{"line":34,"column":8},"end":{"line":34,"column":52}},"8":{"start":{"line":40,"column":8},"end":{"line":40,"column":57}}},"branchMap":{}},
"contracts/Rentor.sol":{"l":{"11":3},"path":"/home/saqib/Saqib/Solidity/First Project/SOT (copy2)/solidity-boilerplate-proxy-pattren/contracts/Rentor.sol","s":{"1":3},"b":{},"f":{"1":3,"2":2},"fnMap":{"1":{"name":"initialize","line":10,"loc":{"start":{"line":10,"column":4},"end":{"line":12,"column":4}}},"2":{"name":"_authorizeUpgrade","line":14,"loc":{"start":{"line":14,"column":4},"end":{"line":14,"column":86}}}},"statementMap":{"1":{"start":{"line":11,"column":8},"end":{"line":11,"column":23}}},"branchMap":{}},
"contracts/SOT.sol":{"l":{"21":3,"22":3,"25":3,"28":3,"29":3,"30":3,"37":3,"38":2,"40":1,"41":1,"42":1,"43":6,"44":6,"46":1,"47":1,"48":1,"49":6,"50":6,"51":6,"52":6,"53":6,"55":1,"60":2,"61":1,"70":1,"72":1,"78":1,"83":10,"85":10,"87":10,"88":10,"93":1,"94":1,"108":1,"109":1,"110":1,"111":1,"113":1,"121":2,"127":2,"128":2,"130":2,"134":4,"138":5},"path":"/home/saqib/Saqib/Solidity/First Project/SOT (copy2)/solidity-boilerplate-proxy-pattren/contracts/SOT.sol","s":{"1":3,"2":3,"3":3,"4":3,"5":3,"6":3,"7":3,"8":2,"9":1,"10":1,"11":1,"12":6,"13":1,"14":1,"15":1,"16":6,"17":6,"18":6,"19":6,"20":6,"21":1,"22":2,"23":1,"24":1,"25":1,"26":10,"27":10,"28":10,"29":10,"30":1,"31":1,"32":1,"33":1,"34":1,"35":1,"36":1,"37":2,"38":2,"39":2,"40":2,"41":4,"42":5},"b":{"1":[2,1],"2":[1,1],"3":[10,0],"4":[2,0],"5":[2,0]},"f":{"1":3,"2":3,"3":2,"4":2,"5":1,"6":1,"7":10,"8":1,"9":1,"10":2,"11":4,"12":5},"fnMap":{"1":{"name":"initialize","line":19,"loc":{"start":{"line":19,"column":4},"end":{"line":33,"column":4}}},"2":{"name":"uint2str","line":36,"loc":{"start":{"line":36,"column":4},"end":{"line":56,"column":4}}},"3":{"name":"tokenExists","line":59,"loc":{"start":{"line":59,"column":4},"end":{"line":62,"column":4}}},"4":{"name":"_authorizeUpgrade","line":64,"loc":{"start":{"line":64,"column":4},"end":{"line":64,"column":86}}},"5":{"name":"tokenURI","line":68,"loc":{"start":{"line":68,"column":4},"end":{"line":74,"column":4}}},"6":{"name":"_baseURI","line":77,"loc":{"start":{"line":77,"column":4},"end":{"line":79,"column":4}}},"7":{"name":"mint","line":81,"loc":{"start":{"line":81,"column":4},"end":{"line":89,"column":4}}},"8":{"name":"burn","line":91,"loc":{"start":{"line":91,"column":4},"end":{"line":96,"column":4}}},"9":{"name":"sellNFT","line":99,"loc":{"start":{"line":99,"column":4},"end":{"line":114,"column":4}}},"10":{"name":"transferFrom","line":116,"loc":{"start":{"line":116,"column":4},"end":{"line":131,"column":4}}},"11":{"name":"getCurrentTokenId","line":133,"loc":{"start":{"line":133,"column":4},"end":{"line":135,"column":4}}},"12":{"name":"getTotalSupply","line":137,"loc":{"start":{"line":137,"column":4},"end":{"line":139,"column":4}}}},"statementMap":{"1":{"start":{"line":21,"column":8},"end":{"line":21,"column":34}},"2":{"start":{"line":22,"column":8},"end":{"line":22,"column":23}},"3":{"start":{"line":25,"column":8},"end":{"line":25,"column":35}},"4":{"start":{"line":28,"column":8},"end":{"line":28,"column":26}},"5":{"start":{"line":29,"column":8},"end":{"line":29,"column":26}},"6":{"start":{"line":30,"column":8},"end":{"line":30,"column":26}},"7":{"start":{"line":37,"column":8},"end":{"line":37,"column":1209}},"8":{"start":{"line":38,"column":12},"end":{"line":38,"column":22}},"9":{"start":{"line":40,"column":8},"end":{"line":40,"column":19}},"10":{"start":{"line":41,"column":8},"end":{"line":41,"column":16}},"11":{"start":{"line":42,"column":8},"end":{"line":42,"column":1305}},"12":{"start":{"line":44,"column":12},"end":{"line":44,"column":18}},"13":{"start":{"line":46,"column":8},"end":{"line":46,"column":42}},"14":{"start":{"line":47,"column":8},"end":{"line":47,"column":20}},"15":{"start":{"line":48,"column":8},"end":{"line":48,"column":1446}},"16":{"start":{"line":49,"column":12},"end":{"line":49,"column":18}},"17":{"start":{"line":50,"column":12},"end":{"line":50,"column":56}},"18":{"start":{"line":51,"column":12},"end":{"line":51,"column":36}},"19":{"start":{"line":52,"column":12},"end":{"line":52,"column":23}},"20":{"start":{"line":53,"column":12},"end":{"line":53,"column":19}},"21":{"start":{"line":55,"column":8},"end":{"line":55,"column":27}},"22":{"start":{"line":60,"column":8},"end":{"line":60,"column":83}},"23":{"start":{"line":70,"column":8},"end":{"line":70,"column":42}},"24":{"start":{"line":72,"column":8},"end":{"line":72,"column":109}},"25":{"start":{"line":78,"column":8},"end":{"line":78,"column":117}},"26":{"start":{"line":83,"column":8},"end":{"line":83,"column":66}},"27":{"start":{"line":85,"column":8},"end":{"line":85,"column":33}},"28":{"start":{"line":87,"column":8},"end":{"line":87,"column":27}},"29":{"start":{"line":88,"column":8},"end":{"line":88,"column":26}},"30":{"start":{"line":93,"column":8},"end":{"line":93,"column":21}},"31":{"start":{"line":94,"column":8},"end":{"line":94,"column":26}},"32":{"start":{"line":108,"column":8},"end":{"line":108,"column":30}},"33":{"start":{"line":109,"column":8},"end":{"line":109,"column":31}},"34":{"start":{"line":110,"column":8},"end":{"line":110,"column":44}},"35":{"start":{"line":111,"column":8},"end":{"line":111,"column":26}},"36":{"start":{"line":113,"column":8},"end":{"line":113,"column":43}},"37":{"start":{"line":121,"column":8},"end":{"line":121,"column":3894}},"38":{"start":{"line":127,"column":8},"end":{"line":127,"column":4200}},"39":{"start":{"line":128,"column":12},"end":{"line":128,"column":70}},"40":{"start":{"line":130,"column":8},"end":{"line":130,"column":40}},"41":{"start":{"line":134,"column":8},"end":{"line":134,"column":30}},"42":{"start":{"line":138,"column":8},"end":{"line":138,"column":29}}},"branchMap":{"1":{"line":37,"type":"if","locations":[{"start":{"line":37,"column":8},"end":{"line":37,"column":8}},{"start":{"line":37,"column":8},"end":{"line":37,"column":8}}]},"2":{"line":60,"type":"if","locations":[{"start":{"line":60,"column":8},"end":{"line":60,"column":8}},{"start":{"line":60,"column":8},"end":{"line":60,"column":8}}]},"3":{"line":83,"type":"if","locations":[{"start":{"line":83,"column":8},"end":{"line":83,"column":8}},{"start":{"line":83,"column":8},"end":{"line":83,"column":8}}]},"4":{"line":121,"type":"if","locations":[{"start":{"line":121,"column":8},"end":{"line":121,"column":8}},{"start":{"line":121,"column":8},"end":{"line":121,"column":8}}]},"5":{"line":127,"type":"if","locations":[{"start":{"line":127,"column":8},"end":{"line":127,"column":8}},{"start":{"line":127,"column":8},"end":{"line":127,"column":8}}]}}},
"contracts/tests/mockMSOT.sol":{"l":{"8":1},"path":"/home/saqib/Saqib/Solidity/First Project/SOT (copy2)/solidity-boilerplate-proxy-pattren/contracts/tests/mockMSOT.sol","s":{"1":1},"b":{},"f":{"1":1},"fnMap":{"1":{"name":"version","line":7,"loc":{"start":{"line":7,"column":4},"end":{"line":9,"column":4}}}},"statementMap":{"1":{"start":{"line":8,"column":8},"end":{"line":8,"column":19}}},"branchMap":{}},
"contracts/tests/mockRentor.sol":{"l":{"8":1},"path":"/home/saqib/Saqib/Solidity/First Project/SOT (copy2)/solidity-boilerplate-proxy-pattren/contracts/tests/mockRentor.sol","s":{"1":1},"b":{},"f":{"1":1},"fnMap":{"1":{"name":"version","line":7,"loc":{"start":{"line":7,"column":4},"end":{"line":9,"column":4}}}},"statementMap":{"1":{"start":{"line":8,"column":8},"end":{"line":8,"column":19}}},"branchMap":{}},
"contracts/tests/mockSOT.sol":{"l":{"8":1},"path":"/home/saqib/Saqib/Solidity/First Project/SOT (copy2)/solidity-boilerplate-proxy-pattren/contracts/tests/mockSOT.sol","s":{"1":1},"b":{},"f":{"1":1},"fnMap":{"1":{"name":"version","line":7,"loc":{"start":{"line":7,"column":4},"end":{"line":9,"column":4}}}},"statementMap":{"1":{"start":{"line":8,"column":8},"end":{"line":8,"column":19}}},"branchMap":{}}}
