TN:
SF:/home/saqib/Saqib/Solidity/First Project/SOT (copy2)/solidity-boilerplate-proxy-pattren/contracts/Migrations.sol
FN:8,restricted
FN:16,setCompleted
FNF:2
FNH:2
FNDA:1,restricted
FNDA:1,setCompleted
DA:9,1
DA:13,1
DA:17,1
LF:3
LH:3
BRDA:9,1,0,1
BRDA:9,1,1,0
BRF:2
BRH:1
end_of_record
TN:
SF:/home/saqib/Saqib/Solidity/First Project/SOT (copy2)/solidity-boilerplate-proxy-pattren/contracts/MSOT.sol
FN:12,initialize
FN:18,_authorizeUpgrade
FNF:2
FNH:2
FNDA:6,initialize
FNDA:2,_authorizeUpgrade
DA:13,6
DA:14,6
DA:15,6
LF:3
LH:3
BRF:0
BRH:0
end_of_record
TN:
SF:/home/saqib/Saqib/Solidity/First Project/SOT (copy2)/solidity-boilerplate-proxy-pattren/contracts/Profit_Distributor.sol
FN:14,_distributeTxFee
FN:25,_payFees
FN:31,_payRoyaltyToPlatform
FN:37,_payRoyaltyToOriginalOwner
FNF:4
FNH:4
FNDA:2,_distributeTxFee
FNDA:2,_payFees
FNDA:2,_payRoyaltyToPlatform
FNDA:2,_payRoyaltyToOriginalOwner
DA:16,2
DA:17,2
DA:19,2
DA:20,2
DA:21,2
DA:28,2
DA:34,2
DA:40,2
LF:8
LH:8
BRF:0
BRH:0
end_of_record
TN:
SF:/home/saqib/Saqib/Solidity/First Project/SOT (copy2)/solidity-boilerplate-proxy-pattren/contracts/Rentor.sol
FN:10,initialize
FN:14,_authorizeUpgrade
FNF:2
FNH:2
FNDA:3,initialize
FNDA:2,_authorizeUpgrade
DA:11,3
LF:1
LH:1
BRF:0
BRH:0
end_of_record
TN:
SF:/home/saqib/Saqib/Solidity/First Project/SOT (copy2)/solidity-boilerplate-proxy-pattren/contracts/SOT.sol
FN:19,initialize
FN:36,uint2str
FN:59,tokenExists
FN:64,_authorizeUpgrade
FN:68,tokenURI
FN:77,_baseURI
FN:81,mint
FN:91,burn
FN:99,sellNFT
FN:116,transferFrom
FN:133,getCurrentTokenId
FN:137,getTotalSupply
FNF:12
FNH:12
FNDA:3,initialize
FNDA:3,uint2str
FNDA:2,tokenExists
FNDA:2,_authorizeUpgrade
FNDA:1,tokenURI
FNDA:1,_baseURI
FNDA:10,mint
FNDA:1,burn
FNDA:1,sellNFT
FNDA:2,transferFrom
FNDA:4,getCurrentTokenId
FNDA:5,getTotalSupply
DA:21,3
DA:22,3
DA:25,3
DA:28,3
DA:29,3
DA:30,3
DA:37,3
DA:38,2
DA:40,1
DA:41,1
DA:42,1
DA:43,6
DA:44,6
DA:46,1
DA:47,1
DA:48,1
DA:49,6
DA:50,6
DA:51,6
DA:52,6
DA:53,6
DA:55,1
DA:60,2
DA:61,1
DA:70,1
DA:72,1
DA:78,1
DA:83,10
DA:85,10
DA:87,10
DA:88,10
DA:93,1
DA:94,1
DA:108,1
DA:109,1
DA:110,1
DA:111,1
DA:113,1
DA:121,2
DA:127,2
DA:128,2
DA:130,2
DA:134,4
DA:138,5
LF:44
LH:44
BRDA:37,1,0,2
BRDA:37,1,1,1
BRDA:60,2,0,1
BRDA:60,2,1,1
BRDA:83,3,0,10
BRDA:83,3,1,0
BRDA:121,4,0,2
BRDA:121,4,1,0
BRDA:127,5,0,2
BRDA:127,5,1,0
BRF:10
BRH:7
end_of_record
TN:
SF:/home/saqib/Saqib/Solidity/First Project/SOT (copy2)/solidity-boilerplate-proxy-pattren/contracts/tests/mockMSOT.sol
FN:7,version
FNF:1
FNH:1
FNDA:1,version
DA:8,1
LF:1
LH:1
BRF:0
BRH:0
end_of_record
TN:
SF:/home/saqib/Saqib/Solidity/First Project/SOT (copy2)/solidity-boilerplate-proxy-pattren/contracts/tests/mockRentor.sol
FN:7,version
FNF:1
FNH:1
FNDA:1,version
DA:8,1
LF:1
LH:1
BRF:0
BRH:0
end_of_record
TN:
SF:/home/saqib/Saqib/Solidity/First Project/SOT (copy2)/solidity-boilerplate-proxy-pattren/contracts/tests/mockSOT.sol
FN:7,version
FNF:1
FNH:1
FNDA:1,version
DA:8,1
LF:1
LH:1
BRF:0
BRH:0
end_of_record
